0 info it worked if it ends with ok
1 verbose cli [ '/Users/cuitianhao/.nvm/versions/node/v5.10.1/bin/node',
1 verbose cli   '/Users/cuitianhao/.nvm/versions/node/v5.10.1/bin/npm',
1 verbose cli   'run',
1 verbose cli   'dev' ]
2 info using npm@3.8.3
3 info using node@v5.10.1
4 verbose run-script [ 'predev', 'dev', 'postdev' ]
5 info lifecycle v1.0.0@1.0.0~predev: v1.0.0@1.0.0
6 silly lifecycle v1.0.0@1.0.0~predev: no script for predev, continuing
7 info lifecycle v1.0.0@1.0.0~dev: v1.0.0@1.0.0
8 verbose lifecycle v1.0.0@1.0.0~dev: unsafe-perm in lifecycle true
9 verbose lifecycle v1.0.0@1.0.0~dev: PATH: /Users/cuitianhao/.nvm/versions/node/v5.10.1/lib/node_modules/npm/bin/node-gyp-bin:/Users/cuitianhao/Github/home-page/app/public/v1.0.0/node_modules/.bin:/Users/cuitianhao/.nvm/versions/node/v5.10.1/bin:/Users/cuitianhao/.nvm/versions/node/v5.10.1/bin:/usr/local/bin:/usr/bin:/bin:/usr/sbin:/sbin
10 verbose lifecycle v1.0.0@1.0.0~dev: CWD: /Users/cuitianhao/Github/home-page/app/public/v1.0.0
11 silly lifecycle v1.0.0@1.0.0~dev: Args: [ '-c', 'node server.js' ]
12 silly lifecycle v1.0.0@1.0.0~dev: Returned: code: 1  signal: null
13 info lifecycle v1.0.0@1.0.0~dev: Failed to exec dev script
14 verbose stack Error: v1.0.0@1.0.0 dev: `node server.js`
14 verbose stack Exit status 1
14 verbose stack     at EventEmitter.<anonymous> (/Users/cuitianhao/.nvm/versions/node/v5.10.1/lib/node_modules/npm/lib/utils/lifecycle.js:239:16)
14 verbose stack     at emitTwo (events.js:100:13)
14 verbose stack     at EventEmitter.emit (events.js:185:7)
14 verbose stack     at ChildProcess.<anonymous> (/Users/cuitianhao/.nvm/versions/node/v5.10.1/lib/node_modules/npm/lib/utils/spawn.js:24:14)
14 verbose stack     at emitTwo (events.js:100:13)
14 verbose stack     at ChildProcess.emit (events.js:185:7)
14 verbose stack     at maybeClose (internal/child_process.js:850:16)
14 verbose stack     at Process.ChildProcess._handle.onexit (internal/child_process.js:215:5)
15 verbose pkgid v1.0.0@1.0.0
16 verbose cwd /Users/cuitianhao/Github/home-page/app/public/v1.0.0
17 error Darwin 15.4.0
18 error argv "/Users/cuitianhao/.nvm/versions/node/v5.10.1/bin/node" "/Users/cuitianhao/.nvm/versions/node/v5.10.1/bin/npm" "run" "dev"
19 error node v5.10.1
20 error npm  v3.8.3
21 error code ELIFECYCLE
22 error v1.0.0@1.0.0 dev: `node server.js`
22 error Exit status 1
23 error Failed at the v1.0.0@1.0.0 dev script 'node server.js'.
23 error Make sure you have the latest version of node.js and npm installed.
23 error If you do, this is most likely a problem with the v1.0.0 package,
23 error not with npm itself.
23 error Tell the author that this fails on your system:
23 error     node server.js
23 error You can get information on how to open an issue for this project with:
23 error     npm bugs v1.0.0
23 error Or if that isn't available, you can get their info via:
23 error     npm owner ls v1.0.0
23 error There is likely additional logging output above.
24 verbose exit [ 1, true ]
